[debug] [2023-11-19T06:04:26.458Z] ----------------------------------------------------------------------
[debug] [2023-11-19T06:04:26.460Z] Command:       /usr/local/share/nvm/versions/node/v20.9.0/bin/node /home/codespace/nvm/current/bin/firebase init
[debug] [2023-11-19T06:04:26.460Z] CLI Version:   12.9.1
[debug] [2023-11-19T06:04:26.460Z] Platform:      linux
[debug] [2023-11-19T06:04:26.461Z] Node Version:  v20.9.0
[debug] [2023-11-19T06:04:26.461Z] Time:          Sun Nov 19 2023 06:04:26 GMT+0000 (Coordinated Universal Time)
[debug] [2023-11-19T06:04:26.461Z] Env Overrides: GITHUB_API_URL
[debug] [2023-11-19T06:04:26.461Z] ----------------------------------------------------------------------
[debug] 
[debug] [2023-11-19T06:04:26.465Z] > command requires scopes: ["email","openid","https://www.googleapis.com/auth/cloudplatformprojects.readonly","https://www.googleapis.com/auth/firebase","https://www.googleapis.com/auth/cloud-platform"]
[debug] [2023-11-19T06:04:26.466Z] > authorizing via signed-in user (23_keziaolivia@smak1bpk.penabur.sch.id)
[info] 
     ######## #### ########  ######## ########     ###     ######  ########
     ##        ##  ##     ## ##       ##     ##  ##   ##  ##       ##
     ######    ##  ########  ######   ########  #########  ######  ######
     ##        ##  ##    ##  ##       ##     ## ##     ##       ## ##
     ##       #### ##     ## ######## ########  ##     ##  ######  ########

You're about to initialize a Firebase project in this directory:

  /workspaces/menu-kezia2

Before we get started, keep in mind:

  * You are currently outside your home directory

[info] 
=== Project Setup
[info] 
[info] First, let's associate this project directory with a Firebase project.
[info] You can create multiple project aliases by running firebase use --add, 
[info] but for now we'll just set up a default project.
[info] 
[debug] [2023-11-19T06:04:58.467Z] >>> [apiv2][query] GET https://firebase.googleapis.com/v1beta1/projects pageSize=100
[debug] [2023-11-19T06:04:59.404Z] <<< [apiv2][status] GET https://firebase.googleapis.com/v1beta1/projects 200
[debug] [2023-11-19T06:04:59.404Z] <<< [apiv2][body] GET https://firebase.googleapis.com/v1beta1/projects [omitted]
[info] i  Using project menu-kezia (menu-kezia) 
[info] 
=== Hosting Setup
[debug] [2023-11-19T06:05:01.595Z] >>> [apiv2][query] GET https://firebase.googleapis.com/v1beta1/projects/menu-kezia [none]
[debug] [2023-11-19T06:05:01.878Z] <<< [apiv2][status] GET https://firebase.googleapis.com/v1beta1/projects/menu-kezia 200
[debug] [2023-11-19T06:05:01.878Z] <<< [apiv2][body] GET https://firebase.googleapis.com/v1beta1/projects/menu-kezia {"projectId":"menu-kezia","projectNumber":"916588803199","displayName":"menu-kezia","name":"projects/menu-kezia","resources":{"hostingSite":"menu-kezia"},"state":"ACTIVE","etag":"1_842bae1d-11f6-4503-a3f2-da7bc2cd019d"}
[info] 
[info] Your public directory is the folder (relative to your project directory) that
[info] will contain Hosting assets to be uploaded with firebase deploy. If you
[info] have a build process for your assets, use your build's output directory.
[info] 
[debug] [2023-11-19T06:05:15.362Z] >>> [apiv2][query] GET https://www.gstatic.com/firebasejs/releases.json [none]
[debug] [2023-11-19T06:05:15.382Z] <<< [apiv2][status] GET https://www.gstatic.com/firebasejs/releases.json 200
[debug] [2023-11-19T06:05:15.388Z] <<< [apiv2][body] GET https://www.gstatic.com/firebasejs/releases.json {"current":{"version":"10.6.0","browserURL":"https://www.gstatic.com/firebasejs/10.6.0/firebase.js","packageURL":"https://www.gstatic.com/firebasejs/10.6.0/firebase.tgz"},"live":{"version":"10.6","browserURL":"https://www.gstatic.com/firebasejs/live/10.6/firebase.js","packageURL":"https://www.gstatic.com/firebasejs/live/10.6/firebase.tgz"},"components":{"analytics":"https://www.gstatic.com/firebasejs/10.6.0/firebase-analytics.js","app":"https://www.gstatic.com/firebasejs/10.6.0/firebase-app.js","app-check":"https://www.gstatic.com/firebasejs/10.6.0/firebase-app-check.js","auth":"https://www.gstatic.com/firebasejs/10.6.0/firebase-auth.js","auth/cordova":"https://www.gstatic.com/firebasejs/10.6.0/firebase-auth/cordova.js","functions":"https://www.gstatic.com/firebasejs/10.6.0/firebase-functions.js","firestore":"https://www.gstatic.com/firebasejs/10.6.0/firebase-firestore.js","firestore/lite":"https://www.gstatic.com/firebasejs/10.6.0/firebase-firestore/lite.js","installations":"https://www.gstatic.com/firebasejs/10.6.0/firebase-installations.js","storage":"https://www.gstatic.com/firebasejs/10.6.0/firebase-storage.js","performance":"https://www.gstatic.com/firebasejs/10.6.0/firebase-performance.js","remote-config":"https://www.gstatic.com/firebasejs/10.6.0/firebase-remote-config.js","messaging":"https://www.gstatic.com/firebasejs/10.6.0/firebase-messaging.js","messaging/sw":"https://www.gstatic.com/firebasejs/10.6.0/firebase-messaging/sw.js","database":"https://www.gstatic.com/firebasejs/10.6.0/firebase-database.js","firestore.memory":"https://www.gstatic.com/firebasejs/10.6.0/firebase-firestore.memory.js"}}
[info] ✔  Wrote public/index.html 
[info] 
[info] i  Detected a .git folder at /workspaces/menu-kezia2 
[info] i  Authorizing with GitHub to upload your service account to a GitHub repository's secrets store. 
[info] 
[info] Visit this URL on this device to log in:
[info] https://github.com/login/oauth/authorize?client_id=89cf50f02ac6aaed3484&state=993237665&redirect_uri=http%3A%2F%2Flocalhost%3A9005&scope=read%3Auser%20repo%20public_repo
[info] 
[info] Waiting for authentication...
